<?xml version="1.0" encoding="UTF-8"?>
<testsuite xmlns:xsi="http://www.w3.org/2001/XMLSchema-instance" xsi:noNamespaceSchemaLocation="https://maven.apache.org/surefire/maven-surefire-plugin/xsd/surefire-test-report-3.0.xsd" version="3.0" name="brasilian.json_mapper.AppTest" time="0.024" tests="1" errors="0" skipped="0" failures="0">
  <properties>
    <property name="java.specification.version" value="21"/>
    <property name="sun.cpu.isalist" value="amd64"/>
    <property name="sun.jnu.encoding" value="Cp1252"/>
    <property name="java.class.path" value="C:\Users\Eliezer\Documents\DEV\BIBLIOTECAS-UTILITARIOS\LIBS-PROPRIAS\json_mapper\target\test-classes;C:\Users\Eliezer\Documents\DEV\BIBLIOTECAS-UTILITARIOS\LIBS-PROPRIAS\json_mapper\target\classes;C:\Users\Eliezer\.m2\repository\com\fasterxml\jackson\core\jackson-databind\2.15.2\jackson-databind-2.15.2.jar;C:\Users\Eliezer\.m2\repository\com\fasterxml\jackson\core\jackson-annotations\2.15.2\jackson-annotations-2.15.2.jar;C:\Users\Eliezer\.m2\repository\com\fasterxml\jackson\core\jackson-core\2.15.2\jackson-core-2.15.2.jar;C:\Users\Eliezer\.m2\repository\junit\junit\3.8.1\junit-3.8.1.jar;C:\Users\Eliezer\.m2\repository\com\google\code\gson\gson\2.10.1\gson-2.10.1.jar;C:\Users\Eliezer\.m2\repository\org\jdom\jdom2\2.0.6\jdom2-2.0.6.jar;"/>
    <property name="java.vm.vendor" value="Oracle Corporation"/>
    <property name="sun.arch.data.model" value="64"/>
    <property name="user.variant" value=""/>
    <property name="java.vendor.url" value="https://java.oracle.com/"/>
    <property name="user.timezone" value="America/Sao_Paulo"/>
    <property name="os.name" value="Windows 11"/>
    <property name="java.vm.specification.version" value="21"/>
    <property name="sun.java.launcher" value="SUN_STANDARD"/>
    <property name="user.country" value="US"/>
    <property name="sun.boot.library.path" value="C:\Program Files\Java\jdk-21\bin"/>
    <property name="sun.java.command" value="C:\Users\Eliezer\AppData\Local\Temp\surefire4452374271525516894\surefirebooter-20250406191656312_3.jar C:\Users\Eliezer\AppData\Local\Temp\surefire4452374271525516894 2025-04-06T19-16-56_177-jvmRun1 surefire-20250406191656312_1tmp surefire_0-20250406191656312_2tmp"/>
    <property name="jdk.debug" value="release"/>
    <property name="surefire.test.class.path" value="C:\Users\Eliezer\Documents\DEV\BIBLIOTECAS-UTILITARIOS\LIBS-PROPRIAS\json_mapper\target\test-classes;C:\Users\Eliezer\Documents\DEV\BIBLIOTECAS-UTILITARIOS\LIBS-PROPRIAS\json_mapper\target\classes;C:\Users\Eliezer\.m2\repository\com\fasterxml\jackson\core\jackson-databind\2.15.2\jackson-databind-2.15.2.jar;C:\Users\Eliezer\.m2\repository\com\fasterxml\jackson\core\jackson-annotations\2.15.2\jackson-annotations-2.15.2.jar;C:\Users\Eliezer\.m2\repository\com\fasterxml\jackson\core\jackson-core\2.15.2\jackson-core-2.15.2.jar;C:\Users\Eliezer\.m2\repository\junit\junit\3.8.1\junit-3.8.1.jar;C:\Users\Eliezer\.m2\repository\com\google\code\gson\gson\2.10.1\gson-2.10.1.jar;C:\Users\Eliezer\.m2\repository\org\jdom\jdom2\2.0.6\jdom2-2.0.6.jar;"/>
    <property name="sun.cpu.endian" value="little"/>
    <property name="user.home" value="C:\Users\Eliezer"/>
    <property name="user.language" value="en"/>
    <property name="java.specification.vendor" value="Oracle Corporation"/>
    <property name="java.version.date" value="2025-01-21"/>
    <property name="java.home" value="C:\Program Files\Java\jdk-21"/>
    <property name="file.separator" value="\"/>
    <property name="basedir" value="C:\Users\Eliezer\Documents\DEV\BIBLIOTECAS-UTILITARIOS\LIBS-PROPRIAS\json_mapper"/>
    <property name="java.vm.compressedOopsMode" value="Zero based"/>
    <property name="line.separator" value="&#10;"/>
    <property name="java.vm.specification.vendor" value="Oracle Corporation"/>
    <property name="java.specification.name" value="Java Platform API Specification"/>
    <property name="surefire.real.class.path" value="C:\Users\Eliezer\AppData\Local\Temp\surefire4452374271525516894\surefirebooter-20250406191656312_3.jar"/>
    <property name="user.script" value=""/>
    <property name="sun.management.compiler" value="HotSpot 64-Bit Tiered Compilers"/>
    <property name="java.runtime.version" value="21.0.6+8-LTS-188"/>
    <property name="user.name" value="Eliezer"/>
    <property name="stdout.encoding" value="Cp1252"/>
    <property name="path.separator" value=";"/>
    <property name="os.version" value="10.0"/>
    <property name="java.runtime.name" value="Java(TM) SE Runtime Environment"/>
    <property name="file.encoding" value="UTF-8"/>
    <property name="java.vm.name" value="Java HotSpot(TM) 64-Bit Server VM"/>
    <property name="localRepository" value="C:\Users\Eliezer\.m2\repository"/>
    <property name="java.vendor.url.bug" value="https://bugreport.java.com/bugreport/"/>
    <property name="java.io.tmpdir" value="C:\Users\Eliezer\AppData\Local\Temp\"/>
    <property name="java.version" value="21.0.6"/>
    <property name="user.dir" value="C:\Users\Eliezer\Documents\DEV\BIBLIOTECAS-UTILITARIOS\LIBS-PROPRIAS\json_mapper"/>
    <property name="os.arch" value="amd64"/>
    <property name="java.vm.specification.name" value="Java Virtual Machine Specification"/>
    <property name="sun.os.patch.level" value=""/>
    <property name="native.encoding" value="Cp1252"/>
    <property name="java.library.path" value="C:\Program Files\Java\jdk-21\bin;C:\Windows\Sun\Java\bin;C:\Windows\system32;C:\Windows;C:\Python312\Scripts\;C:\Python312\;C:\Windows\system32;C:\Windows;C:\Windows\System32\Wbem;C:\Windows\System32\WindowsPowerShell\v1.0\;C:\Windows\System32\OpenSSH\;C:\ProgramData\chocolatey\bin;C:\Program Files (x86)\Yarn\bin\;C:\Program Files\nodejs\;C:\Program Files (x86)\Gpg4win\..\GnuPG\bin;C:\apache-maven-3.9.9\bin;D:\ARQUIVOS\DEV\STRIPE\CLI\stripe_1.24.0_windows_x86_64\stripe.exe;C:\Program Files\Git\cmd;C:\Program Files\Docker\Docker\resources\bin;C:\Program Files\Java\jdk-21\bin;C:\Users\Eliezer\.console-ninja\.bin;C:\Users\Eliezer\AppData\Roaming\npm;C:\Users\Eliezer\AppData\Local\Programs\Microsoft VS Code\bin;D:\ARQUIVOS\DEV\STRIPE\CLI\stripe_1.24.0_windows_x86_64;:\Program Files (x86)\Microsoft VS Code\bin;C:\Users\Eliezer\Documents\DEV\OUTROS\STRIPE\stripe_1.25.0_windows_x86_64;C:\Program Files\MeusProgramasJava\financas;C:\Users\Eliezer\AppData\Local\Programs\cursor\resources\app\bin;C:\Program Files\cryxie-cli;;c:\Users\Eliezer\AppData\Roaming\Code\User\globalStorage\github.copilot-chat\debugCommand;."/>
    <property name="java.vm.info" value="mixed mode, sharing"/>
    <property name="stderr.encoding" value="Cp1252"/>
    <property name="java.vendor" value="Oracle Corporation"/>
    <property name="java.vm.version" value="21.0.6+8-LTS-188"/>
    <property name="sun.io.unicode.encoding" value="UnicodeLittle"/>
    <property name="java.class.version" value="65.0"/>
  </properties>
  <testcase name="testApp" classname="brasilian.json_mapper.AppTest" time="0.002"/>
</testsuite>